Arguments: 
  C:\Program Files\nodejs\node.exe C:\Users\TH\AppData\Roaming\npm\node_modules\yarn\bin\yarn.js add kill-port 8080

PATH: 
  C:\oraclexe\app\oracle\product\11.2.0\server\bin;;C:\Program Files (x86)\Common Files\Oracle\Java\javapath;C:\app\TH\virtual\product\12.2.0\dbhome_1\bin;C:\WINDOWS\system32;C:\WINDOWS;C:\WINDOWS\System32\Wbem;C:\WINDOWS\System32\WindowsPowerShell\v1.0\;C:\WINDOWS\System32\OpenSSH\;C:\Program Files\Java\jdk1.8.0_251\\bin;.;%MAVEN_HOME%\bin;C:\apache-maven-3.6.3\bin;C:\Program Files\Git\cmd;C:\Program Files\nodejs\;C:\ProgramData\chocolatey\bin;C:\Users\TH\AppData\Local\Microsoft\WindowsApps;C:\Program Files\JetBrains\IntelliJ IDEA 2020.1\bin;C:\Users\TH\AppData\Local\Programs\Microsoft VS Code\bin;C:\Users\TH\AppData\Local\GitHubDesktop\bin;C:\Users\TH\AppData\Roaming\npm

Yarn version: 
  1.22.4

Node version: 
  14.15.1

Platform: 
  win32 x64

Trace: 
  Error: https://registry.yarnpkg.com/8080: Not found
      at Request.params.callback [as _callback] (C:\Users\TH\AppData\Roaming\npm\node_modules\yarn\lib\cli.js:66987:18)
      at Request.self.callback (C:\Users\TH\AppData\Roaming\npm\node_modules\yarn\lib\cli.js:140748:22)
      at Request.emit (events.js:315:20)
      at Request.<anonymous> (C:\Users\TH\AppData\Roaming\npm\node_modules\yarn\lib\cli.js:141720:10)
      at Request.emit (events.js:315:20)
      at IncomingMessage.<anonymous> (C:\Users\TH\AppData\Roaming\npm\node_modules\yarn\lib\cli.js:141642:12)
      at Object.onceWrapper (events.js:421:28)
      at IncomingMessage.emit (events.js:327:22)
      at endReadableNT (_stream_readable.js:1327:12)
      at processTicksAndRejections (internal/process/task_queues.js:80:21)

npm manifest: 
  No manifest

yarn manifest: 
  No manifest

Lockfile: 
  No lockfile
